<?xml version="1.0" encoding="UTF-8"?>
<testng-results ignored="0" total="1" passed="0" failed="1" skipped="0">
  <reporter-output>
  </reporter-output>
  <suite started-at="2025-10-27T16:06:38 IST" name="Default suite" finished-at="2025-10-27T16:06:46 IST" duration-ms="8419">
    <groups>
    </groups>
    <test started-at="2025-10-27T16:06:38 IST" name="Default test" finished-at="2025-10-27T16:06:46 IST" duration-ms="8419">
      <class name="Pet.EveryThingAboutPets">
        <test-method is-config="true" signature="configBS()[pri:0, instance:Pet.EveryThingAboutPets@3cd3e762]" started-at="2025-10-27T16:06:36 IST" name="configBS" finished-at="2025-10-27T16:06:38 IST" duration-ms="1308" status="PASS">
          <reporter-output>
          </reporter-output>
        </test-method> <!-- configBS -->
        <test-method signature="addNewPetToStoreTest()[pri:0, instance:Pet.EveryThingAboutPets@3cd3e762]" started-at="2025-10-27T16:06:38 IST" name="addNewPetToStoreTest" finished-at="2025-10-27T16:06:46 IST" duration-ms="8327" status="FAIL">
          <exception class="java.lang.ClassCastException">
            <message>
              <![CDATA[class java.lang.Long cannot be cast to class java.lang.String (java.lang.Long and java.lang.String are in module java.base of loader 'bootstrap')]]>
            </message>
            <full-stacktrace>
              <![CDATA[java.lang.ClassCastException: class java.lang.Long cannot be cast to class java.lang.String (java.lang.Long and java.lang.String are in module java.base of loader 'bootstrap')
at com.petStore.api.genericUtility.JsonUtility.getDataOnJsonPath(JsonUtility.java:18)
at Pet.EveryThingAboutPets.addNewPetToStoreTest(EveryThingAboutPets.java:56)
at java.base/jdk.internal.reflect.DirectMethodHandleAccessor.invoke(DirectMethodHandleAccessor.java:103)
at java.base/java.lang.reflect.Method.invoke(Method.java:580)
at org.testng.internal.invokers.MethodInvocationHelper.invokeMethod(MethodInvocationHelper.java:141)
at org.testng.internal.invokers.TestInvoker.invokeMethod(TestInvoker.java:687)
at org.testng.internal.invokers.TestInvoker.invokeTestMethod(TestInvoker.java:230)
at org.testng.internal.invokers.MethodRunner.runInSequence(MethodRunner.java:63)
at org.testng.internal.invokers.TestInvoker$MethodInvocationAgent.invoke(TestInvoker.java:995)
at org.testng.internal.invokers.TestInvoker.invokeTestMethods(TestInvoker.java:203)
at org.testng.internal.invokers.TestMethodWorker.invokeTestMethods(TestMethodWorker.java:154)
at org.testng.internal.invokers.TestMethodWorker.run(TestMethodWorker.java:134)
at java.base/java.util.ArrayList.forEach(ArrayList.java:1596)
at org.testng.TestRunner.privateRun(TestRunner.java:741)
at org.testng.TestRunner.run(TestRunner.java:616)
at org.testng.SuiteRunner.runTest(SuiteRunner.java:421)
at org.testng.SuiteRunner.runSequentially(SuiteRunner.java:413)
at org.testng.SuiteRunner.privateRun(SuiteRunner.java:373)
at org.testng.SuiteRunner.run(SuiteRunner.java:312)
at org.testng.SuiteRunnerWorker.runSuite(SuiteRunnerWorker.java:52)
at org.testng.SuiteRunnerWorker.run(SuiteRunnerWorker.java:95)
at org.testng.TestNG.runSuitesSequentially(TestNG.java:1274)
at org.testng.TestNG.runSuitesLocally(TestNG.java:1208)
at org.testng.TestNG.runSuites(TestNG.java:1112)
at org.testng.TestNG.run(TestNG.java:1079)
at org.testng.remote.AbstractRemoteTestNG.run(AbstractRemoteTestNG.java:115)
at org.testng.remote.RemoteTestNG.initAndRun(RemoteTestNG.java:293)
at org.testng.remote.RemoteTestNG.main(RemoteTestNG.java:91)
]]>
            </full-stacktrace>
          </exception> <!-- java.lang.ClassCastException -->
          <reporter-output>
          </reporter-output>
        </test-method> <!-- addNewPetToStoreTest -->
        <test-method is-config="true" signature="configAS()[pri:0, instance:Pet.EveryThingAboutPets@3cd3e762]" started-at="2025-10-27T16:06:46 IST" name="configAS" finished-at="2025-10-27T16:06:46 IST" duration-ms="1" status="PASS">
          <reporter-output>
          </reporter-output>
        </test-method> <!-- configAS -->
      </class> <!-- Pet.EveryThingAboutPets -->
    </test> <!-- Default test -->
  </suite> <!-- Default suite -->
</testng-results>
